{"logTime": "0810/161036", "correlationVector":"tjhS4GeE9slCl5reM7vnG4.120","action":"GetUpdates", "result":"DeleteReceived", "context":{"id":"83e7acab-70c2-42cd-96c5-dd4832d9ca33", "isDeleted:":"true", "version":"1691482508905"}}
{"logTime": "0810/161036", "correlationVector":"tjhS4GeE9slCl5reM7vnG4.121","action":"GetUpdates", "result":"DeleteReceived", "context":{"id":"2480b7d2-55b6-4273-80a2-ed84848e70ef", "isDeleted:":"true", "version":"1691482508906"}}
{"logTime": "0810/161036", "correlationVector":"tjhS4GeE9slCl5reM7vnG4.122","action":"GetUpdates", "result":"DeleteReceived", "context":{"id":"0478a755-f2b1-4f4b-b71c-87ca8eb54846", "isDeleted:":"true", "version":"1691482508907"}}
{"logTime": "0810/161036", "correlationVector":"tjhS4GeE9slCl5reM7vnG4.123","action":"GetUpdates", "result":"DeleteReceived", "context":{"id":"d793250c-f3e8-4673-a554-5c7cfb2cad7e", "isDeleted:":"true", "version":"1691482508908"}}
{"logTime": "0810/161036", "correlationVector":"tjhS4GeE9slCl5reM7vnG4.124","action":"GetUpdates", "result":"DeleteReceived", "context":{"id":"65ac924a-085e-458e-87fd-cf69a32fe7fa", "isDeleted:":"true", "version":"1691482508909"}}
{"logTime": "0810/161036", "correlationVector":"tjhS4GeE9slCl5reM7vnG4.125","action":"GetUpdates", "result":"DeleteReceived", "context":{"id":"7f127131-842b-44b2-afc8-3ea24ff70363", "isDeleted:":"true", "version":"1691482653938"}}
{"logTime": "0810/161036", "correlationVector":"tjhS4GeE9slCl5reM7vnG4.126","action":"GetUpdates", "result":"DeleteReceived", "context":{"id":"3f6dcdd4-f225-4660-86bc-158230fa1d23", "isDeleted:":"true", "version":"1691483281130"}}
{"logTime": "0810/161036", "correlationVector":"tjhS4GeE9slCl5reM7vnG4.127","action":"GetUpdates", "result":"DeleteReceived", "context":{"id":"68f880f4-63a2-4af6-9e02-9e9acdafeeb6", "isDeleted:":"true", "version":"1691483492366"}}
{"logTime": "0810/161036", "correlationVector":"tjhS4GeE9slCl5reM7vnG4.128","action":"GetUpdates", "result":"DeleteReceived", "context":{"id":"649b55d8-99da-48e8-bf39-eb60ca18368c", "isDeleted:":"true", "version":"1691483492367"}}
{"logTime": "0810/161036", "correlationVector":"tjhS4GeE9slCl5reM7vnG4.129","action":"GetUpdates", "result":"DeleteReceived", "context":{"id":"9b68de14-d9c4-4e93-b81b-eaad091edee5", "isDeleted:":"true", "version":"1691483492370"}}
{"logTime": "0810/161036", "correlationVector":"tjhS4GeE9slCl5reM7vnG4.130","action":"GetUpdates", "result":"DeleteReceived", "context":{"id":"bbc1e38b-46b2-4ca1-873d-059a0ab46ba3", "isDeleted:":"true", "version":"1691483492371"}}
{"logTime": "0810/161036", "correlationVector":"tjhS4GeE9slCl5reM7vnG4.131","action":"GetUpdates", "result":"DeleteReceived", "context":{"id":"499ffe5d-ca15-4a15-96d1-d5715efa8b2e", "isDeleted:":"true", "version":"1691484760082"}}
{"logTime": "0810/161036", "correlationVector":"tjhS4GeE9slCl5reM7vnG4.132","action":"GetUpdates", "result":"DeleteReceived", "context":{"id":"7fde9d70-4089-4f59-8a20-16683f9ed73d", "isDeleted:":"true", "version":"1691490522900"}}
{"logTime": "0810/161036", "correlationVector":"tjhS4GeE9slCl5reM7vnG4.133","action":"GetUpdates", "result":"DeleteReceived", "context":{"id":"9536b448-1de1-40b6-8321-2e59e9cac92f", "isDeleted:":"true", "version":"1691492199270"}}
{"logTime": "0810/161036", "correlationVector":"tjhS4GeE9slCl5reM7vnG4.134","action":"GetUpdates", "result":"DeleteReceived", "context":{"id":"7e9f35b1-a10c-4e46-9450-6092ce8d7297", "isDeleted:":"true", "version":"1691492199271"}}
{"logTime": "0810/161036", "correlationVector":"tjhS4GeE9slCl5reM7vnG4.135","action":"GetUpdates", "result":"DeleteReceived", "context":{"id":"64c4f621-7c32-4a3d-8ddd-b0cf444c2c55", "isDeleted:":"true", "version":"1691492199274"}}
{"logTime": "0810/161036", "correlationVector":"tjhS4GeE9slCl5reM7vnG4.136","action":"GetUpdates", "result":"DeleteReceived", "context":{"id":"cfcdb837-a3f6-49db-a320-9e0e02e118d1", "isDeleted:":"true", "version":"1691492230916"}}
{"logTime": "0810/161036", "correlationVector":"tjhS4GeE9slCl5reM7vnG4.137","action":"GetUpdates", "result":"DeleteReceived", "context":{"id":"49cf71bd-d659-4d82-a20a-ae72d6b04feb", "isDeleted:":"true", "version":"1691518934550"}}
{"logTime": "0810/161036", "correlationVector":"tjhS4GeE9slCl5reM7vnG4.138","action":"GetUpdates", "result":"DeleteReceived", "context":{"id":"ae127c6d-4bcd-4d68-be68-b37666b42c7a", "isDeleted:":"true", "version":"1691518934552"}}
{"logTime": "0810/161036", "correlationVector":"tjhS4GeE9slCl5reM7vnG4.139","action":"GetUpdates", "result":"DeleteReceived", "context":{"id":"bff97a8d-5aa7-41f6-a6f9-e89ad5e85395", "isDeleted:":"true", "version":"1691520854464"}}
{"logTime": "0810/161036", "correlationVector":"tjhS4GeE9slCl5reM7vnG4.140","action":"GetUpdates", "result":"DeleteReceived", "context":{"id":"7bf598dd-5893-4c4f-a363-cf6bbd6ce5d4", "isDeleted:":"true", "version":"1691521105119"}}
{"logTime": "0810/161036", "correlationVector":"tjhS4GeE9slCl5reM7vnG4.141","action":"GetUpdates", "result":"DeleteReceived", "context":{"id":"813bf543-cad3-46b5-bb56-a2f25ed423a2", "isDeleted:":"true", "version":"1691521136867"}}
{"logTime": "0810/161036", "correlationVector":"tjhS4GeE9slCl5reM7vnG4.142","action":"GetUpdates", "result":"DeleteReceived", "context":{"id":"96862f1f-d871-4a7c-b113-fd07486cc871", "isDeleted:":"true", "version":"1691521136869"}}
{"logTime": "0810/161036", "correlationVector":"tjhS4GeE9slCl5reM7vnG4.143","action":"GetUpdates", "result":"DeleteReceived", "context":{"id":"34bfcf76-af5d-49ed-b24f-6e2cbe185f47", "isDeleted:":"true", "version":"1691521286626"}}
{"logTime": "0810/161036", "correlationVector":"tjhS4GeE9slCl5reM7vnG4.144","action":"GetUpdates", "result":"DeleteReceived", "context":{"id":"040ac063-11e3-44a8-9690-ce4c1d2a36ff", "isDeleted:":"true", "version":"1691521387816"}}
{"logTime": "0810/161036", "correlationVector":"tjhS4GeE9slCl5reM7vnG4.145","action":"GetUpdates", "result":"DeleteReceived", "context":{"id":"54e34679-b3b5-4be7-9362-d57952527ada", "isDeleted:":"true", "version":"1691521387819"}}
{"logTime": "0810/161036", "correlationVector":"tjhS4GeE9slCl5reM7vnG4.146","action":"GetUpdates", "result":"DeleteReceived", "context":{"id":"35f547ed-a5ee-499f-aea8-fcbfccc711c1", "isDeleted:":"true", "version":"1691522121858"}}
{"logTime": "0810/161036", "correlationVector":"tjhS4GeE9slCl5reM7vnG4.147","action":"GetUpdates", "result":"DeleteReceived", "context":{"id":"7ffc84ee-b5f4-4d69-969a-b7e0e1deec7e", "isDeleted:":"true", "version":"1691522156747"}}
{"logTime": "0810/161037", "correlationVector":"tjhS4GeE9slCl5reM7vnG4.148","action":"GetUpdates", "result":"DeleteReceived", "context":{"id":"5f8afb8b-2d3c-4822-8380-09dd9e20ca9c", "isDeleted:":"true", "version":"1691522187858"}}
{"logTime": "0810/161037", "correlationVector":"tjhS4GeE9slCl5reM7vnG4.149","action":"GetUpdates", "result":"DeleteReceived", "context":{"id":"52c667d1-1a3f-4597-b575-86259aa647dc", "isDeleted:":"true", "version":"1691522920398"}}
{"logTime": "0810/161037", "correlationVector":"tjhS4GeE9slCl5reM7vnG4.150","action":"GetUpdates", "result":"DeleteReceived", "context":{"id":"f3d5f5d0-5065-424a-a485-a1f1eaf36bb9", "isDeleted:":"true", "version":"1691523080973"}}
{"logTime": "0810/161037", "correlationVector":"tjhS4GeE9slCl5reM7vnG4.151","action":"GetUpdates", "result":"DeleteReceived", "context":{"id":"ecf9d37e-2c0a-4450-809d-0e652d7f9715", "isDeleted:":"true", "version":"1691523080974"}}
{"logTime": "0810/161037", "correlationVector":"tjhS4GeE9slCl5reM7vnG4.152","action":"GetUpdates", "result":"DeleteReceived", "context":{"id":"361a20ff-9711-400a-b85e-efebacab341c", "isDeleted:":"true", "version":"1691523583083"}}
{"logTime": "0810/161037", "correlationVector":"tjhS4GeE9slCl5reM7vnG4.153","action":"GetUpdates", "result":"DeleteReceived", "context":{"id":"6b6e78ba-12f5-49d1-9f7f-ed12971f6404", "isDeleted:":"true", "version":"1691523583084"}}
{"logTime": "0810/161037", "correlationVector":"tjhS4GeE9slCl5reM7vnG4.154","action":"GetUpdates", "result":"DeleteReceived", "context":{"id":"26ce646f-084e-4fca-a6d4-c9d178256c4a", "isDeleted:":"true", "version":"1691523583086"}}
{"logTime": "0810/161037", "correlationVector":"tjhS4GeE9slCl5reM7vnG4.155","action":"GetUpdates", "result":"DeleteReceived", "context":{"id":"41457ea8-7c8d-4632-8ada-2da12b969488", "isDeleted:":"true", "version":"1691523583087"}}
{"logTime": "0810/161037", "correlationVector":"tjhS4GeE9slCl5reM7vnG4.156","action":"GetUpdates", "result":"DeleteReceived", "context":{"id":"7a92b1ab-247f-43de-b57c-614ee9a49913", "isDeleted:":"true", "version":"1691549142550"}}
{"logTime": "0810/161037", "correlationVector":"tjhS4GeE9slCl5reM7vnG4.157","action":"GetUpdates", "result":"DeleteReceived", "context":{"id":"c6b8320a-a213-4443-9525-8d92b8836f7b", "isDeleted:":"true", "version":"1691549216834"}}
{"logTime": "0810/161037", "correlationVector":"tjhS4GeE9slCl5reM7vnG4.158","action":"GetUpdates", "result":"DeleteReceived", "context":{"id":"ff3a1339-1825-40bf-ae5b-54a909280738", "isDeleted:":"true", "version":"1691571824583"}}
{"logTime": "0810/161037", "correlationVector":"tjhS4GeE9slCl5reM7vnG4.159","action":"GetUpdates", "result":"DeleteReceived", "context":{"id":"a7476b2f-ca0e-4a59-8266-aa74188513fc", "isDeleted:":"true", "version":"1691620312534"}}
{"logTime": "0810/161037", "correlationVector":"tjhS4GeE9slCl5reM7vnG4.160","action":"GetUpdates", "result":"DeleteReceived", "context":{"id":"8a59628c-6dd1-4d52-b06a-6146385ac68e", "isDeleted:":"true", "version":"1691621092991"}}
{"logTime": "0810/161037", "correlationVector":"tjhS4GeE9slCl5reM7vnG4.161","action":"GetUpdates", "result":"DeleteReceived", "context":{"id":"bbe6b2b8-9de9-4c2a-9bb6-30ac85ac7f66", "isDeleted:":"true", "version":"1691621185739"}}
{"logTime": "0810/161037", "correlationVector":"tjhS4GeE9slCl5reM7vnG4.162","action":"GetUpdates", "result":"DeleteReceived", "context":{"id":"9667bf05-d133-4aec-83d4-445c430a9015", "isDeleted:":"true", "version":"1691621185740"}}
{"logTime": "0810/161037", "correlationVector":"tjhS4GeE9slCl5reM7vnG4.163","action":"GetUpdates", "result":"DeleteReceived", "context":{"id":"43417621-6e8e-49a8-b302-448c3f7c2a63", "isDeleted:":"true", "version":"1691621219393"}}
{"logTime": "0810/161037", "correlationVector":"tjhS4GeE9slCl5reM7vnG4.164","action":"GetUpdates", "result":"DeleteReceived", "context":{"id":"89bd393a-7f86-44e0-8fd1-15fc88fb4723", "isDeleted:":"true", "version":"1691621616627"}}
{"logTime": "0810/161037", "correlationVector":"tjhS4GeE9slCl5reM7vnG4.165","action":"GetUpdates", "result":"DeleteReceived", "context":{"id":"302e5e55-c68b-4145-a33f-9c07b0f2c6aa", "isDeleted:":"true", "version":"1691622539890"}}
{"logTime": "0810/161037", "correlationVector":"tjhS4GeE9slCl5reM7vnG4.166","action":"GetUpdates", "result":"DeleteReceived", "context":{"id":"8201fcb5-3688-4203-a718-ce3f5df1a5f8", "isDeleted:":"true", "version":"1691622539892"}}
{"logTime": "0810/161037", "correlationVector":"tjhS4GeE9slCl5reM7vnG4.167","action":"GetUpdates", "result":"DeleteReceived", "context":{"id":"bb5e201c-4e4f-4cde-8a03-aecdb75e19d4", "isDeleted:":"true", "version":"1691622539893"}}
{"logTime": "0810/161037", "correlationVector":"tjhS4GeE9slCl5reM7vnG4.168","action":"GetUpdates", "result":"DeleteReceived", "context":{"id":"449fbeba-4b00-4856-9e99-f61580c68207", "isDeleted:":"true", "version":"1691622539894"}}
{"logTime": "0810/161037", "correlationVector":"tjhS4GeE9slCl5reM7vnG4.169","action":"GetUpdates", "result":"DeleteReceived", "context":{"id":"8433f16d-42c9-4eaf-af42-b54bfef1f066", "isDeleted:":"true", "version":"1691622539895"}}
{"logTime": "0810/161037", "correlationVector":"tjhS4GeE9slCl5reM7vnG4.170","action":"GetUpdates", "result":"DeleteReceived", "context":{"id":"c10491e0-6f0e-45a1-ae98-2f4127365c11", "isDeleted:":"true", "version":"1691622539896"}}
{"logTime": "0810/161037", "correlationVector":"tjhS4GeE9slCl5reM7vnG4.171","action":"GetUpdates", "result":"DeleteReceived", "context":{"id":"60c06edf-2dfe-4386-9e8a-2e482bcb9389", "isDeleted:":"true", "version":"1691622608491"}}
{"logTime": "0810/161037", "correlationVector":"tjhS4GeE9slCl5reM7vnG4.172","action":"GetUpdates", "result":"DeleteReceived", "context":{"id":"1a4cca21-bce9-4399-99eb-cd921d71280f", "isDeleted:":"true", "version":"1691622641894"}}
{"logTime": "0810/161037", "correlationVector":"tjhS4GeE9slCl5reM7vnG4.173","action":"GetUpdates", "result":"DeleteReceived", "context":{"id":"07636519-acb3-4d05-9f46-f541457bf090", "isDeleted:":"true", "version":"1691623310253"}}
{"logTime": "0810/161037", "correlationVector":"tjhS4GeE9slCl5reM7vnG4.174","action":"GetUpdates", "result":"DeleteReceived", "context":{"id":"dd8133fc-f984-447a-916e-20835c8ae523", "isDeleted:":"true", "version":"1691623453448"}}
{"logTime": "0810/161037", "correlationVector":"tjhS4GeE9slCl5reM7vnG4.175","action":"GetUpdates", "result":"DeleteReceived", "context":{"id":"4373dfd2-4f74-43c8-8b39-02719efc6318", "isDeleted:":"true", "version":"1691623453451"}}
{"logTime": "0810/161037", "correlationVector":"tjhS4GeE9slCl5reM7vnG4.176","action":"GetUpdates", "result":"DeleteReceived", "context":{"id":"5f108292-1a64-45e0-9b90-4fea9c7d5127", "isDeleted:":"true", "version":"1691624026035"}}
{"logTime": "0810/161037", "correlationVector":"tjhS4GeE9slCl5reM7vnG4.177","action":"GetUpdates", "result":"DeleteReceived", "context":{"id":"912af994-da47-4d57-a603-fc71551e3a25", "isDeleted:":"true", "version":"1691624464488"}}
{"logTime": "0810/161037", "correlationVector":"tjhS4GeE9slCl5reM7vnG4.178","action":"GetUpdates", "result":"DeleteReceived", "context":{"id":"6ca1e354-65ab-4819-9079-16b496932f0e", "isDeleted:":"true", "version":"1691624496369"}}
{"logTime": "0810/161037", "correlationVector":"tjhS4GeE9slCl5reM7vnG4.179","action":"GetUpdates", "result":"DeleteReceived", "context":{"id":"bf2a9ac5-0019-4034-b80e-9e35bd1be46e", "isDeleted:":"true", "version":"1691624496370"}}
{"logTime": "0810/161037", "correlationVector":"tjhS4GeE9slCl5reM7vnG4.180","action":"GetUpdates", "result":"DeleteReceived", "context":{"id":"15209dec-bd97-40c5-885a-8c38a106436b", "isDeleted:":"true", "version":"1691624878914"}}
{"logTime": "0810/161037", "correlationVector":"tjhS4GeE9slCl5reM7vnG4.181","action":"GetUpdates", "result":"DeleteReceived", "context":{"id":"11d4d94e-c209-4d0d-adf3-a8f9b177f0ce", "isDeleted:":"true", "version":"1691627013282"}}
{"logTime": "0810/161037", "correlationVector":"tjhS4GeE9slCl5reM7vnG4.182","action":"GetUpdates", "result":"DeleteReceived", "context":{"id":"4d3a8ba1-deef-4b60-8a4c-b3e0833f2b4c", "isDeleted:":"true", "version":"1691627013284"}}
{"logTime": "0810/161037", "correlationVector":"tjhS4GeE9slCl5reM7vnG4.183","action":"GetUpdates", "result":"DeleteReceived", "context":{"id":"2e23a123-5230-4ac9-96bd-6cc28449e13b", "isDeleted:":"true", "version":"1691627084005"}}
{"logTime": "0810/161037", "correlationVector":"tjhS4GeE9slCl5reM7vnG4.184","action":"GetUpdates", "result":"DeleteReceived", "context":{"id":"8bce8f0e-ba29-4f17-a530-0e1b8409af89", "isDeleted:":"true", "version":"1691627655859"}}
{"logTime": "0810/161037", "correlationVector":"tjhS4GeE9slCl5reM7vnG4.185","action":"GetUpdates", "result":"DeleteReceived", "context":{"id":"ff98acdd-189d-4239-9095-0a5de2620387", "isDeleted:":"true", "version":"1691627809401"}}
{"logTime": "0810/161037", "correlationVector":"tjhS4GeE9slCl5reM7vnG4.186","action":"GetUpdates", "result":"DeleteReceived", "context":{"id":"c9a22f26-a394-4359-a32b-8c597d669dfa", "isDeleted:":"true", "version":"1691630041518"}}
{"logTime": "0810/161037", "correlationVector":"tjhS4GeE9slCl5reM7vnG4.187","action":"GetUpdates", "result":"DeleteReceived", "context":{"id":"cfc2f13f-2fc2-4852-b3c1-c296091b2fa8", "isDeleted:":"true", "version":"1691630692274"}}
{"logTime": "0810/161037", "correlationVector":"tjhS4GeE9slCl5reM7vnG4.188","action":"GetUpdates", "result":"DeleteReceived", "context":{"id":"d48350fa-0731-43fc-b5e2-8684e18f0974", "isDeleted:":"true", "version":"1691630787454"}}
{"logTime": "0810/161037", "correlationVector":"tjhS4GeE9slCl5reM7vnG4.189","action":"GetUpdates", "result":"DeleteReceived", "context":{"id":"e6789596-f6d0-4765-a540-e74ed5c7bb24", "isDeleted:":"true", "version":"1691631787393"}}
{"logTime": "0810/161037", "correlationVector":"tjhS4GeE9slCl5reM7vnG4.190","action":"GetUpdates", "result":"DeleteReceived", "context":{"id":"ef192524-48ab-4b16-8f77-a26eb23d2fa8", "isDeleted:":"true", "version":"1691631787394"}}
{"logTime": "0810/161037", "correlationVector":"tjhS4GeE9slCl5reM7vnG4.191","action":"GetUpdates", "result":"DeleteReceived", "context":{"id":"4e00f427-d626-4c3f-ad1f-2af1b05b466d", "isDeleted:":"true", "version":"1691632239699"}}
{"logTime": "0810/161037", "correlationVector":"tjhS4GeE9slCl5reM7vnG4.192","action":"GetUpdates", "result":"DeleteReceived", "context":{"id":"923510ce-2ab2-4db8-a506-9902459325e0", "isDeleted:":"true", "version":"1691634767469"}}
{"logTime": "0810/161037", "correlationVector":"tjhS4GeE9slCl5reM7vnG4.193","action":"GetUpdates", "result":"DeleteReceived", "context":{"id":"55486237-91f8-452e-87bb-18d243fe5b03", "isDeleted:":"true", "version":"1691634767471"}}
{"logTime": "0810/161037", "correlationVector":"tjhS4GeE9slCl5reM7vnG4.194","action":"GetUpdates", "result":"DeleteReceived", "context":{"id":"ea8ab64c-d45a-407b-8166-75fd8b7c634e", "isDeleted:":"true", "version":"1691634767472"}}
{"logTime": "0810/161037", "correlationVector":"tjhS4GeE9slCl5reM7vnG4.195","action":"GetUpdates", "result":"DeleteReceived", "context":{"id":"00b4a813-0ef2-4d0b-a816-304dfb31e2b3", "isDeleted:":"true", "version":"1691634767473"}}
{"logTime": "0810/161037", "correlationVector":"tjhS4GeE9slCl5reM7vnG4.196","action":"GetUpdates", "result":"DeleteReceived", "context":{"id":"65421d22-16e2-4c8b-aeff-168a37710011", "isDeleted:":"true", "version":"1691634767474"}}
{"logTime": "0810/161037", "correlationVector":"tjhS4GeE9slCl5reM7vnG4.197","action":"GetUpdates", "result":"DeleteReceived", "context":{"id":"4a9b1d2e-cd99-4420-acd8-4af892ee1d81", "isDeleted:":"true", "version":"1691638316676"}}
{"logTime": "0810/161037", "correlationVector":"tjhS4GeE9slCl5reM7vnG4.198","action":"GetUpdates", "result":"DeleteReceived", "context":{"id":"c61df6a9-5849-4ed9-bf7e-6d3a6b24b150", "isDeleted:":"true", "version":"1691638562933"}}
{"logTime": "0810/161037", "correlationVector":"tjhS4GeE9slCl5reM7vnG4.199","action":"GetUpdates", "result":"DeleteReceived", "context":{"id":"46b0012c-1c52-4cbc-b9f6-131905ad8e9a", "isDeleted:":"true", "version":"1691638562934"}}
{"logTime": "0810/161037", "correlationVector":"tjhS4GeE9slCl5reM7vnG4.200","action":"GetUpdates", "result":"DeleteReceived", "context":{"id":"94994c6b-7597-400f-ade0-1a53fe12cd8e", "isDeleted:":"true", "version":"1691638680868"}}
{"logTime": "0810/161037", "correlationVector":"tjhS4GeE9slCl5reM7vnG4.201","action":"GetUpdates Response", "result":"SERVER_MORE_TO_DOWNLOAD", "context":Received 250 update(s).  Some updates remain.}
{"logTime": "0810/161037", "correlationVector":"8g53DAwiaJIfdbwwfJme3B","action":"Normal GetUpdate request", "result":"", "context":cV=8g53DAwiaJIfdbwwfJme3B
Nudged types: Sessions, Device Info, User Consents
Refresh requested types: Bookmarks, Preferences, Passwords, Autofill Profiles, Autofill, Autofill Custom Data, Typed URLs, Extensions, Sessions, Extension settings, History Delete Directives, Device Info, User Consents, Send Tab To Self, Web Apps, Collection, Edge E Drop, Edge Hub App Usage, Encryption Keys}
{"logTime": "0810/161037", "correlationVector":"8g53DAwiaJIfdbwwfJme3B.1","action":"SyncServerConnectionManagerRequest", "result":"SYNC_SERVER_OK", "context":{"environment":"Prod_SoutheastAsia_000j", "migrationStage":"NotStarted", "server":"GENERAL0100000B"}}
{"logTime": "0810/161037", "correlationVector":"8g53DAwiaJIfdbwwfJme3B.2","action":"GetUpdates", "result":"DeleteReceived", "context":{"id":"95ce7967-b7f9-4090-a240-15f1994d2379", "isDeleted:":"true", "version":"1691639803308"}}
{"logTime": "0810/161037", "correlationVector":"8g53DAwiaJIfdbwwfJme3B.3","action":"GetUpdates", "result":"DeleteReceived", "context":{"id":"7a2bf385-665e-4df1-aff8-5f787604738b", "isDeleted:":"true", "version":"1691639803309"}}
{"logTime": "0810/161037", "correlationVector":"8g53DAwiaJIfdbwwfJme3B.4","action":"GetUpdates", "result":"DeleteReceived", "context":{"id":"b80db02e-05c5-41fa-b972-0e22b05a0bdb", "isDeleted:":"true", "version":"1691639803311"}}
{"logTime": "0810/161037", "correlationVector":"8g53DAwiaJIfdbwwfJme3B.5","action":"GetUpdates", "result":"DeleteReceived", "context":{"id":"3fcdabd0-812e-4ca9-8c90-1887eab97b75", "isDeleted:":"true", "version":"1691639803312"}}
{"logTime": "0810/161037", "correlationVector":"8g53DAwiaJIfdbwwfJme3B.6","action":"GetUpdates", "result":"DeleteReceived", "context":{"id":"30ebdc58-31d3-4731-96f8-6acc017cdb33", "isDeleted:":"true", "version":"1691639803313"}}
{"logTime": "0810/161037", "correlationVector":"8g53DAwiaJIfdbwwfJme3B.7","action":"GetUpdates", "result":"DeleteReceived", "context":{"id":"092ff0fa-68b2-4003-889c-4f08a88d4d93", "isDeleted:":"true", "version":"1691639803314"}}
{"logTime": "0810/161037", "correlationVector":"8g53DAwiaJIfdbwwfJme3B.8","action":"GetUpdates", "result":"DeleteReceived", "context":{"id":"0e0d42bc-168d-4232-9216-373e65c14b79", "isDeleted:":"true", "version":"1691639974769"}}
{"logTime": "0810/161037", "correlationVector":"8g53DAwiaJIfdbwwfJme3B.9","action":"GetUpdates", "result":"DeleteReceived", "context":{"id":"622b2fdf-14b0-4d75-94ce-aae958a0c80e", "isDeleted:":"true", "version":"1691640076341"}}
{"logTime": "0810/161037", "correlationVector":"8g53DAwiaJIfdbwwfJme3B.10","action":"GetUpdates", "result":"DeleteReceived", "context":{"id":"c3a2cbfa-fcd4-42e3-9560-8e0403c6fd36", "isDeleted:":"true", "version":"1691640076343"}}
{"logTime": "0810/161037", "correlationVector":"8g53DAwiaJIfdbwwfJme3B.11","action":"GetUpdates", "result":"DeleteReceived", "context":{"id":"b3387608-711b-42ff-9565-911b27cb6d5d", "isDeleted:":"true", "version":"1691640267908"}}
{"logTime": "0810/161037", "correlationVector":"8g53DAwiaJIfdbwwfJme3B.12","action":"GetUpdates", "result":"DeleteReceived", "context":{"id":"708b770f-b9fa-454a-8d5e-cd846a1328c9", "isDeleted:":"true", "version":"1691662994136"}}
{"logTime": "0810/161037", "correlationVector":"8g53DAwiaJIfdbwwfJme3B.13","action":"GetUpdates", "result":"DeleteReceived", "context":{"id":"99047ab5-fd39-4909-8921-668b4fcd9202", "isDeleted:":"true", "version":"1691662994138"}}
{"logTime": "0810/161037", "correlationVector":"8g53DAwiaJIfdbwwfJme3B.14","action":"GetUpdates", "result":"DeleteReceived", "context":{"id":"5f6be9f2-5de2-4f63-bd56-f37d95013b84", "isDeleted:":"true", "version":"1691663164306"}}
{"logTime": "0810/161037", "correlationVector":"8g53DAwiaJIfdbwwfJme3B.15","action":"GetUpdates", "result":"DeleteReceived", "context":{"id":"0d0a7334-f577-4214-a521-f215c158b4f5", "isDeleted:":"true", "version":"1691663399269"}}
{"logTime": "0810/161037", "correlationVector":"8g53DAwiaJIfdbwwfJme3B.16","action":"GetUpdates", "result":"DeleteReceived", "context":{"id":"ebe6f4fb-4e3e-4a5e-8c3e-63490d7ea504", "isDeleted:":"true", "version":"1691681370192"}}
{"logTime": "0810/161037", "correlationVector":"8g53DAwiaJIfdbwwfJme3B.17","action":"GetUpdates", "result":"DeleteReceived", "context":{"id":"79658e78-d90a-4465-a86b-1c194509f338", "isDeleted:":"true", "version":"1691681370195"}}
{"logTime": "0810/161037", "correlationVector":"8g53DAwiaJIfdbwwfJme3B.18","action":"GetUpdates", "result":"DeleteReceived", "context":{"id":"77fcbf94-1666-4344-b4a9-bee4db37ef2b", "isDeleted:":"true", "version":"1691681597440"}}
{"logTime": "0810/161037", "correlationVector":"8g53DAwiaJIfdbwwfJme3B.19","action":"GetUpdates", "result":"DeleteReceived", "context":{"id":"c1873a7e-443a-4992-8989-c2c34bd64859", "isDeleted:":"true", "version":"1691681773180"}}
{"logTime": "0810/161037", "correlationVector":"8g53DAwiaJIfdbwwfJme3B.20","action":"GetUpdates", "result":"DeleteReceived", "context":{"id":"d392835b-2fdf-4bcb-9ebf-af12705db4f2", "isDeleted:":"true", "version":"1691681773183"}}
{"logTime": "0810/161037", "correlationVector":"8g53DAwiaJIfdbwwfJme3B.21","action":"GetUpdates", "result":"DeleteReceived", "context":{"id":"f4eb506a-53a7-420c-a28d-a050f8571d37", "isDeleted:":"true", "version":"1691683538331"}}
{"logTime": "0810/161037", "correlationVector":"8g53DAwiaJIfdbwwfJme3B.22","action":"GetUpdates", "result":"DeleteReceived", "context":{"id":"9c646154-4b83-4f5f-86d1-72c8d05b07ef", "isDeleted:":"true", "version":"1691683538333"}}
{"logTime": "0810/161037", "correlationVector":"8g53DAwiaJIfdbwwfJme3B.23","action":"GetUpdates Response", "result":"SYNCER_OK", "context":Received 49 update(s). cV=8g53DAwiaJIfdbwwfJme3B.0;server=GENERAL0100000B;cloudType=Consumer;environment=Prod_SoutheastAsia_000j;migrationStage=NotStarted}
{"logTime": "0810/161037", "correlationVector":"12P10ojCyRSo4aIMZFBdIR","action":"Commit Request", "result":"", "context":Item count: 6
Contributing types: Autofill, User Consents}
{"logTime": "0810/161037", "correlationVector":"12P10ojCyRSo4aIMZFBdIR.1","action":"SyncServerConnectionManagerRequest", "result":"SYNC_SERVER_OK", "context":{"environment":"Prod_SoutheastAsia_000j", "migrationStage":"NotStarted", "server":"GENERAL01000002"}}
{"logTime": "0810/161037", "correlationVector":"12P10ojCyRSo4aIMZFBdIR.2","action":"Commit Response", "result":"SYNCER_OK", "context":Result: SYNCER_OK. cV=12P10ojCyRSo4aIMZFBdIR.0;server=GENERAL01000002;cloudType=Consumer;environment=Prod_SoutheastAsia_000j;migrationStage=NotStarted}
{"logTime": "0810/161037", "correlationVector":"ED/UlspQyWiMX6xxo63/+0","action":"Poll GetUpdate request", "result":"", "context":cV=ED/UlspQyWiMX6xxo63/+0}
{"logTime": "0810/161037", "correlationVector":"ED/UlspQyWiMX6xxo63/+0.1","action":"SyncServerConnectionManagerRequest", "result":"SYNC_SERVER_OK", "context":{"environment":"Prod_SoutheastAsia_000j", "migrationStage":"NotStarted", "server":"GENERAL01000004"}}
{"logTime": "0810/161037", "correlationVector":"ED/UlspQyWiMX6xxo63/+0.2","action":"GetUpdates Response", "result":"SYNCER_OK", "context":Received 5 update(s). cV=ED/UlspQyWiMX6xxo63/+0.0;server=GENERAL01000004;cloudType=Consumer;environment=Prod_SoutheastAsia_000j;migrationStage=NotStarted}
{"logTime": "0810/161037", "correlationVector":"veZ9/QC14uL1g7clky7xdr","action":"Normal GetUpdate request", "result":"", "context":cV=veZ9/QC14uL1g7clky7xdr
Nudged types: Autofill}
{"logTime": "0810/161037", "correlationVector":"veZ9/QC14uL1g7clky7xdr.1","action":"SyncServerConnectionManagerRequest", "result":"SYNC_SERVER_OK", "context":{"environment":"Prod_SoutheastAsia_000j", "migrationStage":"NotStarted", "server":"GENERAL01000002"}}
{"logTime": "0810/161037", "correlationVector":"veZ9/QC14uL1g7clky7xdr.2","action":"GetUpdates Response", "result":"SYNCER_OK", "context":Received 0 update(s). cV=veZ9/QC14uL1g7clky7xdr.0;server=GENERAL01000002;cloudType=Consumer;environment=Prod_SoutheastAsia_000j;migrationStage=NotStarted}
{"logTime": "0810/161040", "correlationVector":"zvhLJZ5shCCoWvFh9xnOPW","action":"Normal GetUpdate request", "result":"", "context":cV=zvhLJZ5shCCoWvFh9xnOPW
Nudged types: Sessions
Notified types: Autofill}
{"logTime": "0810/161040", "correlationVector":"zvhLJZ5shCCoWvFh9xnOPW.1","action":"SyncServerConnectionManagerRequest", "result":"SYNC_SERVER_OK", "context":{"environment":"Prod_SoutheastAsia_000j", "migrationStage":"NotStarted", "server":"GENERAL01000004"}}
{"logTime": "0810/161040", "correlationVector":"zvhLJZ5shCCoWvFh9xnOPW.2","action":"GetUpdates Response", "result":"SYNCER_OK", "context":Received 4 update(s). cV=zvhLJZ5shCCoWvFh9xnOPW.0;server=GENERAL01000004;cloudType=Consumer;environment=Prod_SoutheastAsia_000j;migrationStage=NotStarted}
{"logTime": "0810/161040", "correlationVector":"UyBrcL+JHuT4WZiBjrbCeF","action":"Commit Request", "result":"", "context":Item count: 2
Contributing types: Sessions}
{"logTime": "0810/161041", "correlationVector":"UyBrcL+JHuT4WZiBjrbCeF.1","action":"SyncServerConnectionManagerRequest", "result":"SYNC_SERVER_OK", "context":{"environment":"Prod_SoutheastAsia_000j", "migrationStage":"NotStarted", "server":"GENERAL01000008"}}
{"logTime": "0810/161041", "correlationVector":"UyBrcL+JHuT4WZiBjrbCeF.2","action":"Commit Response", "result":"SYNCER_OK", "context":Result: SYNCER_OK. cV=UyBrcL+JHuT4WZiBjrbCeF.0;server=GENERAL01000008;cloudType=Consumer;environment=Prod_SoutheastAsia_000j;migrationStage=NotStarted}
{"logTime": "0810/161128", "correlationVector":"jxXqvIlKoWCOV0kgJi24ZR","action":"Commit Request", "result":"", "context":Item count: 1
Contributing types: Autofill Profiles}
{"logTime": "0810/161129", "correlationVector":"jxXqvIlKoWCOV0kgJi24ZR.1","action":"SyncServerConnectionManagerRequest", "result":"SYNC_SERVER_OK", "context":{"environment":"Prod_SoutheastAsia_000j", "migrationStage":"NotStarted", "server":"GENERAL01000010"}}
{"logTime": "0810/161129", "correlationVector":"jxXqvIlKoWCOV0kgJi24ZR.2","action":"Commit Response", "result":"SYNCER_OK", "context":Result: SYNCER_OK. cV=jxXqvIlKoWCOV0kgJi24ZR.0;server=GENERAL01000010;cloudType=Consumer;environment=Prod_SoutheastAsia_000j;migrationStage=NotStarted}
{"logTime": "0810/161151", "correlationVector":"Gei8SbM0D4bupHH6DynrKq","action":"Commit Request", "result":"", "context":Item count: 2
Contributing types: Passwords, Sessions}
{"logTime": "0810/161153", "correlationVector":"Gei8SbM0D4bupHH6DynrKq.1","action":"SyncServerConnectionManagerRequest", "result":"SYNC_SERVER_OK", "context":{"environment":"Prod_SoutheastAsia_000j", "migrationStage":"NotStarted", "server":"GENERAL0100000L"}}
{"logTime": "0810/161153", "correlationVector":"Gei8SbM0D4bupHH6DynrKq.2","action":"Commit Response", "result":"SYNCER_OK", "context":Result: SYNCER_OK. cV=Gei8SbM0D4bupHH6DynrKq.0;server=GENERAL0100000L;cloudType=Consumer;environment=Prod_SoutheastAsia_000j;migrationStage=NotStarted}
{"logTime": "0810/161224", "correlationVector":"8ASUOO0/WAsJpFO+jkR3af","action":"Commit Request", "result":"", "context":Item count: 1
Contributing types: Sessions}
{"logTime": "0810/161225", "correlationVector":"8ASUOO0/WAsJpFO+jkR3af.1","action":"SyncServerConnectionManagerRequest", "result":"SYNC_SERVER_OK", "context":{"environment":"Prod_SoutheastAsia_000j", "migrationStage":"NotStarted", "server":"GENERAL01000013"}}
{"logTime": "0810/161225", "correlationVector":"8ASUOO0/WAsJpFO+jkR3af.2","action":"Commit Response", "result":"SYNCER_OK", "context":Result: SYNCER_OK. cV=8ASUOO0/WAsJpFO+jkR3af.0;server=GENERAL01000013;cloudType=Consumer;environment=Prod_SoutheastAsia_000j;migrationStage=NotStarted}
{"logTime": "0810/161644", "correlationVector":"24em6dNkQm7u4qmQH/H+L9","action":"Commit Request", "result":"", "context":Item count: 1
Contributing types: Sessions}
{"logTime": "0810/161645", "correlationVector":"24em6dNkQm7u4qmQH/H+L9.1","action":"SyncServerConnectionManagerRequest", "result":"SYNC_SERVER_OK", "context":{"environment":"Prod_SoutheastAsia_000j", "migrationStage":"NotStarted", "server":"GENERAL0100001K"}}
{"logTime": "0810/161645", "correlationVector":"24em6dNkQm7u4qmQH/H+L9.2","action":"Commit Response", "result":"SYNCER_OK", "context":Result: SYNCER_OK. cV=24em6dNkQm7u4qmQH/H+L9.0;server=GENERAL0100001K;cloudType=Consumer;environment=Prod_SoutheastAsia_000j;migrationStage=NotStarted}
{"logTime": "0813/112225", "correlationVector":"3cZYJKEnNQcLwDS+SVUXui.0","action":"FeedSettingFetch_homeCloud", "result":"0", "context":{}}
{"logTime": "0813/112225", "correlationVector":"sUnaAm/p4C2MYuNIkVdXgE.1","action":"SyncServerConnectionManagerRequest", "result":"SYNC_SERVER_OK", "context":{"environment":"Prod_SoutheastAsia_000j", "migrationStage":"NotStarted", "server":"GENERAL01000003"}}
{"logTime": "0813/112225", "correlationVector":"sUnaAm/p4C2MYuNIkVdXgE","action":"Initial GetUpdates", "result":"", "context":Reason: NEW_CLIENT. cV=sUnaAm/p4C2MYuNIkVdXgE}
{"logTime": "0813/112225", "correlationVector":"sUnaAm/p4C2MYuNIkVdXgE.2","action":"GetUpdates Response", "result":"SYNCER_OK", "context":Received 1 update(s). cV=sUnaAm/p4C2MYuNIkVdXgE.0;server=GENERAL01000003;cloudType=Consumer;environment=Prod_SoutheastAsia_000j;migrationStage=NotStarted}
{"logTime": "0813/112225", "correlationVector":"HBgi3dYIDbFXDx9RzzyMUH","action":"Initial GetUpdates", "result":"", "context":Reason: NEWLY_SUPPORTED_DATATYPE. cV=HBgi3dYIDbFXDx9RzzyMUH}
{"logTime": "0813/112225", "correlationVector":"HBgi3dYIDbFXDx9RzzyMUH.1","action":"SyncServerConnectionManagerRequest", "result":"SYNC_SERVER_OK", "context":{"environment":"Prod_SoutheastAsia_000j", "migrationStage":"NotStarted", "server":"GENERAL0100001D"}}
{"logTime": "0813/112225", "correlationVector":"HBgi3dYIDbFXDx9RzzyMUH.2","action":"GetUpdates", "result":"DeleteReceived", "context":{"id":"58583edd-4c08-4399-b52d-12f4be39db46", "isDeleted:":"true", "version":"1677232914320"}}
{"logTime": "0813/112225", "correlationVector":"HBgi3dYIDbFXDx9RzzyMUH.3","action":"GetUpdates", "result":"DeleteReceived", "context":{"id":"97e4af69-a7f0-4bc8-b332-d7ce63537051", "isDeleted:":"true", "version":"1677232915402"}}
{"logTime": "0813/112225", "correlationVector":"HBgi3dYIDbFXDx9RzzyMUH.4","action":"GetUpdates", "result":"DeleteReceived", "context":{"id":"b58f719d-6b52-4f65-abd3-bc420bc5fec3", "isDeleted:":"true", "version":"1677232915403"}}
{"logTime": "0813/112225", "correlationVector":"HBgi3dYIDbFXDx9RzzyMUH.5","action":"GetUpdates", "result":"DeleteReceived", "context":{"id":"8d0a8fb5-9245-47e7-bbf6-81dbc606be99", "isDeleted:":"true", "version":"1677232916496"}}
{"logTime": "0813/112225", "correlationVector":"HBgi3dYIDbFXDx9RzzyMUH.6","action":"GetUpdates", "result":"DeleteReceived", "context":{"id":"8fca58bf-d91d-44c5-bd1f-a75856969de0", "isDeleted:":"true", "version":"1677232917479"}}
{"logTime": "0813/112225", "correlationVector":"HBgi3dYIDbFXDx9RzzyMUH.7","action":"GetUpdates", "result":"DeleteReceived", "context":{"id":"319a1871-726f-4e2d-b211-39da55b41147", "isDeleted:":"true", "version":"1677232918409"}}
{"logTime": "0813/112225", "correlationVector":"HBgi3dYIDbFXDx9RzzyMUH.8","action":"GetUpdates", "result":"DeleteReceived", "context":{"id":"7400debc-7bb6-4436-8945-abe157f8aedf", "isDeleted:":"true", "version":"1677232919472"}}
{"logTime": "0813/112225", "correlationVector":"HBgi3dYIDbFXDx9RzzyMUH.9","action":"GetUpdates", "result":"DeleteReceived", "context":{"id":"4a580cfb-8238-43c5-b637-716978f92ba5", "isDeleted:":"true", "version":"1677232920513"}}
{"logTime": "0813/112225", "correlationVector":"HBgi3dYIDbFXDx9RzzyMUH.10","action":"GetUpdates", "result":"DeleteReceived", "context":{"id":"871ec086-4b5c-472c-975c-f33b9910108e", "isDeleted:":"true", "version":"1677232927083"}}
{"logTime": "0813/112225", "correlationVector":"HBgi3dYIDbFXDx9RzzyMUH.11","action":"GetUpdates", "result":"DeleteReceived", "context":{"id":"57e6e22c-b498-4267-b87c-22ac2c9b06cb", "isDeleted:":"true", "version":"1677232938640"}}
{"logTime": "0813/112225", "correlationVector":"HBgi3dYIDbFXDx9RzzyMUH.12","action":"GetUpdates", "result":"DeleteReceived", "context":{"id":"49b6cca8-cbb9-4c9e-8782-f323b4cc82bd", "isDeleted:":"true", "version":"1677640635155"}}
{"logTime": "0813/112225", "correlationVector":"HBgi3dYIDbFXDx9RzzyMUH.13","action":"GetUpdates", "result":"DeleteReceived", "context":{"id":"b41f4d4c-00af-48ef-8c26-0cfd3fbf65d4", "isDeleted:":"true", "version":"1677640636073"}}
{"logTime": "0813/112225", "correlationVector":"HBgi3dYIDbFXDx9RzzyMUH.14","action":"GetUpdates", "result":"DeleteReceived", "context":{"id":"6b21af83-eba5-451a-b705-eca78452b158", "isDeleted:":"true", "version":"1677640638108"}}
{"logTime": "0813/112225", "correlationVector":"HBgi3dYIDbFXDx9RzzyMUH.15","action":"GetUpdates", "result":"DeleteReceived", "context":{"id":"736c900d-824f-454e-b0bc-47c165371986", "isDeleted:":"true", "version":"1677640648818"}}
{"logTime": "0813/112225", "correlationVector":"HBgi3dYIDbFXDx9RzzyMUH.16","action":"GetUpdates", "result":"DeleteReceived", "context":{"id":"5120fbf4-205c-4ff3-ab25-47f94ed39d0e", "isDeleted:":"true", "version":"1677640649768"}}
{"logTime": "0813/112225", "correlationVector":"HBgi3dYIDbFXDx9RzzyMUH.17","action":"GetUpdates", "result":"DeleteReceived", "context":{"id":"bf473740-23b1-4b2a-afaf-2cfa07fff809", "isDeleted:":"true", "version":"1677680982998"}}
{"logTime": "0813/112225", "correlationVector":"HBgi3dYIDbFXDx9RzzyMUH.18","action":"GetUpdates", "result":"DeleteReceived", "context":{"id":"7901d41e-ef62-4d73-b610-caf1afacc895", "isDeleted:":"true", "version":"1677680983870"}}
{"logTime": "0813/112225", "correlationVector":"HBgi3dYIDbFXDx9RzzyMUH.19","action":"GetUpdates", "result":"DeleteReceived", "context":{"id":"a0d60c0a-4bec-46bf-809a-eb276c4edcb9", "isDeleted:":"true", "version":"1677680984777"}}
{"logTime": "0813/112225", "correlationVector":"HBgi3dYIDbFXDx9RzzyMUH.20","action":"GetUpdates", "result":"DeleteReceived", "context":{"id":"fa12ee8a-7827-41bc-9c33-983b04261210", "isDeleted:":"true", "version":"1677681540787"}}
{"logTime": "0813/112225", "correlationVector":"HBgi3dYIDbFXDx9RzzyMUH.21","action":"GetUpdates", "result":"DeleteReceived", "context":{"id":"7c960132-e4eb-44b4-b962-d4508a5501be", "isDeleted:":"true", "version":"1677681541657"}}
{"logTime": "0813/112225", "correlationVector":"HBgi3dYIDbFXDx9RzzyMUH.22","action":"GetUpdates", "result":"DeleteReceived", "context":{"id":"3d5c36f0-e958-4d50-9495-b03c8df440a1", "isDeleted:":"true", "version":"1677681543217"}}
{"logTime": "0813/112225", "correlationVector":"HBgi3dYIDbFXDx9RzzyMUH.23","action":"GetUpdates", "result":"DeleteReceived", "context":{"id":"b9cbaea3-2a48-4035-97ff-bacf24ef5942", "isDeleted:":"true", "version":"1677681544074"}}
{"logTime": "0813/112225", "correlationVector":"HBgi3dYIDbFXDx9RzzyMUH.24","action":"GetUpdates", "result":"DeleteReceived", "context":{"id":"c5512f20-1484-4cc7-b3e3-bb87417435b9", "isDeleted:":"true", "version":"1677681565123"}}
{"logTime": "0813/112225", "correlationVector":"HBgi3dYIDbFXDx9RzzyMUH.25","action":"GetUpdates", "result":"DeleteReceived", "context":{"id":"50001d2f-f469-40a8-9154-7a3569de68a0", "isDeleted:":"true", "version":"1677787699960"}}
{"logTime": "0813/112225", "correlationVector":"HBgi3dYIDbFXDx9RzzyMUH.26","action":"GetUpdates", "result":"DeleteReceived", "context":{"id":"fd026fc7-0246-41e6-b26a-5ba6f5119b4f", "isDeleted:":"true", "version":"1677787700874"}}
{"logTime": "0813/112225", "correlationVector":"HBgi3dYIDbFXDx9RzzyMUH.27","action":"GetUpdates", "result":"DeleteReceived", "context":{"id":"62104978-1b23-4701-bc50-7611eec92af1", "isDeleted:":"true", "version":"1677787701774"}}
{"logTime": "0813/112225", "correlationVector":"HBgi3dYIDbFXDx9RzzyMUH.28","action":"GetUpdates", "result":"DeleteReceived", "context":{"id":"68500866-90eb-4a06-8f07-6c3c6215ac85", "isDeleted:":"true", "version":"1677787704989"}}
{"logTime": "0813/112225", "correlationVector":"HBgi3dYIDbFXDx9RzzyMUH.29","action":"GetUpdates", "result":"DeleteReceived", "context":{"id":"4d172fb5-4e30-4cd3-a668-3144bb83638a", "isDeleted:":"true", "version":"1679024351228"}}
{"logTime": "0813/112225", "correlationVector":"HBgi3dYIDbFXDx9RzzyMUH.30","action":"GetUpdates", "result":"DeleteReceived", "context":{"id":"9b621799-ea4e-45ac-9455-50c94b6539e4", "isDeleted:":"true", "version":"1679024352317"}}
{"logTime": "0813/112225", "correlationVector":"HBgi3dYIDbFXDx9RzzyMUH.31","action":"GetUpdates", "result":"DeleteReceived", "context":{"id":"e59bf890-67e9-432c-a259-92b424e12c11", "isDeleted:":"true", "version":"1679024355241"}}
{"logTime": "0813/112225", "correlationVector":"HBgi3dYIDbFXDx9RzzyMUH.32","action":"GetUpdates", "result":"DeleteReceived", "context":{"id":"9dd0eadf-3857-48fe-8627-59a5cff698d3", "isDeleted:":"true", "version":"1679024356742"}}
{"logTime": "0813/112225", "correlationVector":"HBgi3dYIDbFXDx9RzzyMUH.33","action":"GetUpdates", "result":"DeleteReceived", "context":{"id":"f6506cc3-b6e0-4502-b576-b779ddfc9223", "isDeleted:":"true", "version":"1679024358111"}}
{"logTime": "0813/112225", "correlationVector":"HBgi3dYIDbFXDx9RzzyMUH.34","action":"GetUpdates", "result":"DeleteReceived", "context":{"id":"9a600846-4d51-4126-aea7-30ad1b66f113", "isDeleted:":"true", "version":"1679024359254"}}
{"logTime": "0813/112225", "correlationVector":"HBgi3dYIDbFXDx9RzzyMUH.35","action":"GetUpdates", "result":"DeleteReceived", "context":{"id":"85fc6441-9fe8-4890-a6ab-177b4da66e82", "isDeleted:":"true", "version":"1679024365558"}}
{"logTime": "0813/112225", "correlationVector":"HBgi3dYIDbFXDx9RzzyMUH.36","action":"GetUpdates", "result":"DeleteReceived", "context":{"id":"ea4340ac-607e-402b-8bd2-6fcfe9f273f6", "isDeleted:":"true", "version":"1684217789594"}}
{"logTime": "0813/112225", "correlationVector":"HBgi3dYIDbFXDx9RzzyMUH.37","action":"GetUpdates", "result":"DeleteReceived", "context":{"id":"b1cf413c-3cef-4380-8f46-a49bc45d94ff", "isDeleted:":"true", "version":"1685067701074"}}
{"logTime": "0813/112225", "correlationVector":"HBgi3dYIDbFXDx9RzzyMUH.38","action":"GetUpdates", "result":"DeleteReceived", "context":{"id":"f5651892-c2b8-4d19-b31d-f6c1888fb178", "isDeleted:":"true", "version":"1685803315452"}}
{"logTime": "0813/112225", "correlationVector":"HBgi3dYIDbFXDx9RzzyMUH.39","action":"GetUpdates", "result":"DeleteReceived", "context":{"id":"0ac3a2ff-b242-4868-80ec-277af9e79fe0", "isDeleted:":"true", "version":"1687146819218"}}
{"logTime": "0813/112225", "correlationVector":"HBgi3dYIDbFXDx9RzzyMUH.40","action":"GetUpdates Response", "result":"SERVER_MORE_TO_DOWNLOAD", "context":Received 250 update(s).  Some updates remain.}
{"logTime": "0813/112225", "correlationVector":"XAN/uM8Y9niAb6m+0pj1To","action":"Initial GetUpdates", "result":"", "context":Reason: NEWLY_SUPPORTED_DATATYPE. cV=XAN/uM8Y9niAb6m+0pj1To}
{"logTime": "0813/112225", "correlationVector":"XAN/uM8Y9niAb6m+0pj1To.1","action":"SyncServerConnectionManagerRequest", "result":"SYNC_SERVER_OK", "context":{"environment":"Prod_SoutheastAsia_000j", "migrationStage":"NotStarted", "server":"GENERAL01000007"}}
{"logTime": "0813/112225", "correlationVector":"XAN/uM8Y9niAb6m+0pj1To.2","action":"GetUpdates", "result":"DeleteReceived", "context":{"id":"e24562d9-4f1c-4037-ac67-dea45804ff72", "isDeleted:":"true", "version":"1689555329616"}}
{"logTime": "0813/112225", "correlationVector":"XAN/uM8Y9niAb6m+0pj1To.3","action":"GetUpdates", "result":"DeleteReceived", "context":{"id":"28183e97-f1af-477c-8f04-da589b2a679e", "isDeleted:":"true", "version":"1690105962665"}}
{"logTime": "0813/112225", "correlationVector":"XAN/uM8Y9niAb6m+0pj1To.4","action":"GetUpdates", "result":"DeleteReceived", "context":{"id":"2234b238-2641-41d3-97a8-0faedcac6b84", "isDeleted:":"true", "version":"1690108633660"}}
{"logTime": "0813/112225", "correlationVector":"XAN/uM8Y9niAb6m+0pj1To.5","action":"GetUpdates", "result":"DeleteReceived", "context":{"id":"09a45e51-89f0-4a8a-b814-99259af7859c", "isDeleted:":"true", "version":"1690108633662"}}
{"logTime": "0813/112225", "correlationVector":"XAN/uM8Y9niAb6m+0pj1To.6","action":"GetUpdates Response", "result":"SYNCER_OK", "context":Received 83 update(s). cV=XAN/uM8Y9niAb6m+0pj1To.0;server=GENERAL01000007;cloudType=Consumer;environment=Prod_SoutheastAsia_000j;migrationStage=NotStarted}
{"logTime": "0813/112225", "correlationVector":"Yb6FaoIZ6SXOvOgjUehU3W","action":"SyncServerConnectionManagerRequest", "result":"SYNC_SERVER_OK", "context":{"environment":"", "migrationStage":"", "server":""}}
{"logTime": "0813/112225", "correlationVector":"HHW+Lb+1Fee9pfb1sahruy","action":"Normal GetUpdate request", "result":"", "context":cV=HHW+Lb+1Fee9pfb1sahruy
Nudged types: Sessions, Device Info, User Consents
Refresh requested types: Bookmarks, Preferences, Passwords, Autofill Profiles, Autofill, Autofill Custom Data, Typed URLs, Extensions, Sessions, Extension settings, History Delete Directives, Device Info, User Consents, Send Tab To Self, Web Apps, Collection, Edge E Drop, Edge Hub App Usage, Encryption Keys}
{"logTime": "0813/112225", "correlationVector":"HHW+Lb+1Fee9pfb1sahruy.1","action":"SyncServerConnectionManagerRequest", "result":"SYNC_SERVER_OK", "context":{"environment":"Prod_SoutheastAsia_000j", "migrationStage":"NotStarted", "server":"GENERAL0100000K"}}
{"logTime": "0813/112225", "correlationVector":"HHW+Lb+1Fee9pfb1sahruy.2","action":"GetUpdates", "result":"DeleteReceived", "context":{"id":"ca2e16cd-57ec-4b1c-a36c-6621a7e0bcd6", "isDeleted:":"true", "version":"1691707613008"}}
{"logTime": "0813/112225", "correlationVector":"HHW+Lb+1Fee9pfb1sahruy.3","action":"GetUpdates", "result":"DeleteReceived", "context":{"id":"c846862f-e9a6-4146-9245-45e76c5d0f44", "isDeleted:":"true", "version":"1691709549746"}}
{"logTime": "0813/112225", "correlationVector":"HHW+Lb+1Fee9pfb1sahruy.4","action":"GetUpdates", "result":"DeleteReceived", "context":{"id":"d2eb5a26-5351-46f9-86de-182166fc1911", "isDeleted:":"true", "version":"1691709549748"}}
{"logTime": "0813/112225", "correlationVector":"HHW+Lb+1Fee9pfb1sahruy.5","action":"GetUpdates", "result":"DeleteReceived", "context":{"id":"242a5537-23cd-40c2-9211-20c7712fc754", "isDeleted:":"true", "version":"1691709955959"}}
{"logTime": "0813/112225", "correlationVector":"HHW+Lb+1Fee9pfb1sahruy.6","action":"GetUpdates", "result":"DeleteReceived", "context":{"id":"4ce130d1-b8f7-4d86-a9fa-5caa72ca6cbf", "isDeleted:":"true", "version":"1691709955961"}}
{"logTime": "0813/112225", "correlationVector":"HHW+Lb+1Fee9pfb1sahruy.7","action":"GetUpdates", "result":"DeleteReceived", "context":{"id":"8a1d7a7f-d4e6-47bf-8b6e-2d2fc8359f7d", "isDeleted:":"true", "version":"1691710094939"}}
{"logTime": "0813/112225", "correlationVector":"HHW+Lb+1Fee9pfb1sahruy.8","action":"GetUpdates", "result":"DeleteReceived", "context":{"id":"430b7e41-498a-4e47-ab86-fc8741000a7b", "isDeleted:":"true", "version":"1691710346346"}}
{"logTime": "0813/112225", "correlationVector":"HHW+Lb+1Fee9pfb1sahruy.9","action":"GetUpdates", "result":"DeleteReceived", "context":{"id":"d5008cc8-fbd3-4be1-8297-d0f08f4910ea", "isDeleted:":"true", "version":"1691710466341"}}
{"logTime": "0813/112225", "correlationVector":"HHW+Lb+1Fee9pfb1sahruy.10","action":"GetUpdates", "result":"DeleteReceived", "context":{"id":"aeacb964-9f15-4513-b250-a0c8cd2a5476", "isDeleted:":"true", "version":"1691711634982"}}
{"logTime": "0813/112225", "correlationVector":"HHW+Lb+1Fee9pfb1sahruy.11","action":"GetUpdates", "result":"DeleteReceived", "context":{"id":"0853634b-d84b-406e-baa9-81332b634d14", "isDeleted:":"true", "version":"1691712039641"}}
{"logTime": "0813/112225", "correlationVector":"HHW+Lb+1Fee9pfb1sahruy.12","action":"GetUpdates", "result":"DeleteReceived", "context":{"id":"d64d0854-d660-40e9-81c1-54d4d3c5b105", "isDeleted:":"true", "version":"1691712039644"}}
{"logTime": "0813/112225", "correlationVector":"HHW+Lb+1Fee9pfb1sahruy.13","action":"GetUpdates", "result":"DeleteReceived", "context":{"id":"41fc5026-eb3a-4d37-bb87-1ff835d76b01", "isDeleted:":"true", "version":"1691712039645"}}
{"logTime": "0813/112225", "correlationVector":"HHW+Lb+1Fee9pfb1sahruy.14","action":"GetUpdates", "result":"DeleteReceived", "context":{"id":"9727df60-43dd-4de5-a9da-6fb5a73c3d6e", "isDeleted:":"true", "version":"1691712091168"}}
{"logTime": "0813/112225", "correlationVector":"HHW+Lb+1Fee9pfb1sahruy.15","action":"GetUpdates", "result":"DeleteReceived", "context":{"id":"4d2fab5d-39ac-41e9-af5f-ed05ab1a8ce7", "isDeleted:":"true", "version":"1691721824983"}}
{"logTime": "0813/112225", "correlationVector":"HHW+Lb+1Fee9pfb1sahruy.16","action":"GetUpdates", "result":"DeleteReceived", "context":{"id":"761e86f4-9ba7-434f-aba5-20f4bf0e441d", "isDeleted:":"true", "version":"1691721857197"}}
{"logTime": "0813/112225", "correlationVector":"HHW+Lb+1Fee9pfb1sahruy.17","action":"GetUpdates", "result":"DeleteReceived", "context":{"id":"f460fa88-0d2a-452b-8fd4-0e31bf3e571c", "isDeleted:":"true", "version":"1691721857200"}}
{"logTime": "0813/112225", "correlationVector":"HHW+Lb+1Fee9pfb1sahruy.18","action":"GetUpdates", "result":"DeleteReceived", "context":{"id":"a553cb9b-8f44-4864-9f06-255b36b994a9", "isDeleted:":"true", "version":"1691722280559"}}
{"logTime": "0813/112225", "correlationVector":"HHW+Lb+1Fee9pfb1sahruy.19","action":"GetUpdates", "result":"DeleteReceived", "context":{"id":"f948501f-ff5d-44b3-b79c-d697d91412ef", "isDeleted:":"true", "version":"1691724929140"}}
{"logTime": "0813/112225", "correlationVector":"HHW+Lb+1Fee9pfb1sahruy.20","action":"GetUpdates", "result":"DeleteReceived", "context":{"id":"d8b16d17-2c36-4f0c-bbe4-614bb0a03e44", "isDeleted:":"true", "version":"1691726291139"}}
{"logTime": "0813/112225", "correlationVector":"HHW+Lb+1Fee9pfb1sahruy.21","action":"GetUpdates", "result":"DeleteReceived", "context":{"id":"d908469d-fd00-4bc0-9d23-4ba71e6d2f4e", "isDeleted:":"true", "version":"1691726751930"}}
{"logTime": "0813/112225", "correlationVector":"HHW+Lb+1Fee9pfb1sahruy.22","action":"GetUpdates", "result":"DeleteReceived", "context":{"id":"f6f130aa-e936-4c94-bf42-95f014acfd5d", "isDeleted:":"true", "version":"1691728935754"}}
{"logTime": "0813/112225", "correlationVector":"HHW+Lb+1Fee9pfb1sahruy.23","action":"GetUpdates", "result":"DeleteReceived", "context":{"id":"1ff65711-05e1-46ac-8114-c7439c179557", "isDeleted:":"true", "version":"1691730484440"}}
{"logTime": "0813/112225", "correlationVector":"HHW+Lb+1Fee9pfb1sahruy.24","action":"GetUpdates", "result":"DeleteReceived", "context":{"id":"ad327851-2176-43d6-b62e-2ce630632bef", "isDeleted:":"true", "version":"1691730484442"}}
{"logTime": "0813/112225", "correlationVector":"HHW+Lb+1Fee9pfb1sahruy.25","action":"GetUpdates", "result":"DeleteReceived", "context":{"id":"7f813d4f-e599-4cfa-b75d-e05e741655b3", "isDeleted:":"true", "version":"1691730484443"}}
{"logTime": "0813/112225", "correlationVector":"HHW+Lb+1Fee9pfb1sahruy.26","action":"GetUpdates", "result":"DeleteReceived", "context":{"id":"f0cd75dc-2c9f-4001-9dc3-4ae1ccfd1b49", "isDeleted:":"true", "version":"1691750624360"}}
{"logTime": "0813/112225", "correlationVector":"HHW+Lb+1Fee9pfb1sahruy.27","action":"GetUpdates", "result":"DeleteReceived", "context":{"id":"50d375a5-137e-4ae6-b4ee-3bc9dd878bd8", "isDeleted:":"true", "version":"1691751019403"}}
{"logTime": "0813/112225", "correlationVector":"HHW+Lb+1Fee9pfb1sahruy.28","action":"GetUpdates", "result":"DeleteReceived", "context":{"id":"1284f5d0-a218-4db3-8282-e4410093292c", "isDeleted:":"true", "version":"1691753143891"}}
{"logTime": "0813/112225", "correlationVector":"HHW+Lb+1Fee9pfb1sahruy.29","action":"GetUpdates", "result":"DeleteReceived", "context":{"id":"00dcf5ad-6b3b-404d-993c-94c3857fd8f2", "isDeleted:":"true", "version":"1691757355562"}}
{"logTime": "0813/112225", "correlationVector":"HHW+Lb+1Fee9pfb1sahruy.30","action":"GetUpdates", "result":"DeleteReceived", "context":{"id":"2e80c500-6d01-4aef-b0e1-37e8bd2948b7", "isDeleted:":"true", "version":"1691757355564"}}
{"logTime": "0813/112225", "correlationVector":"HHW+Lb+1Fee9pfb1sahruy.31","action":"GetUpdates", "result":"DeleteReceived", "context":{"id":"27030f36-6609-4b04-94c9-d98f9fd9a7a3", "isDeleted:":"true", "version":"1691757436557"}}
{"logTime": "0813/112225", "correlationVector":"HHW+Lb+1Fee9pfb1sahruy.32","action":"GetUpdates", "result":"DeleteReceived", "context":{"id":"6faa3aa3-dc4e-47a0-afa5-d3acf7c98c19", "isDeleted:":"true", "version":"1691757748101"}}
{"logTime": "0813/112225", "correlationVector":"HHW+Lb+1Fee9pfb1sahruy.33","action":"GetUpdates", "result":"DeleteReceived", "context":{"id":"3ec4dc30-5036-4e26-bf02-7de9ce81ad79", "isDeleted:":"true", "version":"1691757748103"}}
{"logTime": "0813/112225", "correlationVector":"HHW+Lb+1Fee9pfb1sahruy.34","action":"GetUpdates", "result":"DeleteReceived", "context":{"id":"dedf3eeb-9426-4f82-b636-af6bc6ef02e1", "isDeleted:":"true", "version":"1691759154573"}}
{"logTime": "0813/112225", "correlationVector":"HHW+Lb+1Fee9pfb1sahruy.35","action":"GetUpdates", "result":"DeleteReceived", "context":{"id":"b5911168-9b91-4d8f-91b8-6c6196091d51", "isDeleted:":"true", "version":"1691759247825"}}
{"logTime": "0813/112225", "correlationVector":"HHW+Lb+1Fee9pfb1sahruy.36","action":"GetUpdates", "result":"DeleteReceived", "context":{"id":"4a5e297f-e311-41da-aff2-0b3ed9de9b39", "isDeleted:":"true", "version":"1691759407405"}}
{"logTime": "0813/112225", "correlationVector":"HHW+Lb+1Fee9pfb1sahruy.37","action":"GetUpdates", "result":"DeleteReceived", "context":{"id":"72effea0-d438-4610-a741-2c363ebf847a", "isDeleted:":"true", "version":"1691759677981"}}
{"logTime": "0813/112225", "correlationVector":"HHW+Lb+1Fee9pfb1sahruy.38","action":"GetUpdates", "result":"DeleteReceived", "context":{"id":"6c89b5fb-2f88-4bb1-a2a2-7f6413d7fa02", "isDeleted:":"true", "version":"1691759708842"}}
{"logTime": "0813/112225", "correlationVector":"HHW+Lb+1Fee9pfb1sahruy.39","action":"GetUpdates", "result":"DeleteReceived", "context":{"id":"8923ca7a-72df-474a-8772-b95a6b8ef6ca", "isDeleted:":"true", "version":"1691759708844"}}
{"logTime": "0813/112225", "correlationVector":"HHW+Lb+1Fee9pfb1sahruy.40","action":"GetUpdates", "result":"DeleteReceived", "context":{"id":"ea738aae-cb20-4e21-8f9d-577a9e08a334", "isDeleted:":"true", "version":"1691760359169"}}
{"logTime": "0813/112225", "correlationVector":"HHW+Lb+1Fee9pfb1sahruy.41","action":"GetUpdates", "result":"DeleteReceived", "context":{"id":"b5445ef9-01fd-4ffe-9e9a-07decd5287e2", "isDeleted:":"true", "version":"1691768305621"}}
{"logTime": "0813/112225", "correlationVector":"HHW+Lb+1Fee9pfb1sahruy.42","action":"GetUpdates", "result":"DeleteReceived", "context":{"id":"2dbc6d98-adea-43af-a887-4c0db09645d5", "isDeleted:":"true", "version":"1691768547630"}}
{"logTime": "0813/112225", "correlationVector":"HHW+Lb+1Fee9pfb1sahruy.43","action":"GetUpdates", "result":"DeleteReceived", "context":{"id":"234cce94-08dc-4a3b-9c9c-388c7772550d", "isDeleted:":"true", "version":"1691768660513"}}
{"logTime": "0813/112225", "correlationVector":"HHW+Lb+1Fee9pfb1sahruy.44","action":"GetUpdates", "result":"DeleteReceived", "context":{"id":"85d132d0-14d3-4323-8a38-0f3542246498", "isDeleted:":"true", "version":"1691768878399"}}
{"logTime": "0813/112225", "correlationVector":"HHW+Lb+1Fee9pfb1sahruy.45","action":"GetUpdates", "result":"DeleteReceived", "context":{"id":"c5022ac5-e51d-4c44-908a-7fee96c901af", "isDeleted:":"true", "version":"1691769068047"}}
{"logTime": "0813/112225", "correlationVector":"HHW+Lb+1Fee9pfb1sahruy.46","action":"GetUpdates", "result":"DeleteReceived", "context":{"id":"44747304-c1cd-45ca-9abb-31e142049ba0", "isDeleted:":"true", "version":"1691769068051"}}
{"logTime": "0813/112225", "correlationVector":"HHW+Lb+1Fee9pfb1sahruy.47","action":"GetUpdates", "result":"DeleteReceived", "context":{"id":"73b16b47-1095-432c-9853-cfcd257edc8c", "isDeleted:":"true", "version":"1691769068052"}}
{"logTime": "0813/112225", "correlationVector":"HHW+Lb+1Fee9pfb1sahruy.48","action":"GetUpdates", "result":"DeleteReceived", "context":{"id":"0ea92e64-35aa-4017-a428-52e1cb8982b4", "isDeleted:":"true", "version":"1691769101885"}}
{"logTime": "0813/112225", "correlationVector":"HHW+Lb+1Fee9pfb1sahruy.49","action":"GetUpdates", "result":"DeleteReceived", "context":{"id":"9aa1fb48-d8aa-4d0b-9938-7debe9bc9ef7", "isDeleted:":"true", "version":"1691769101886"}}
{"logTime": "0813/112225", "correlationVector":"HHW+Lb+1Fee9pfb1sahruy.50","action":"GetUpdates", "result":"DeleteReceived", "context":{"id":"207c1499-7dfe-4529-8a62-d906dead39c4", "isDeleted:":"true", "version":"1691769277728"}}
{"logTime": "0813/112225", "correlationVector":"HHW+Lb+1Fee9pfb1sahruy.51","action":"GetUpdates", "result":"DeleteReceived", "context":{"id":"d926a8bf-ca8a-4ac3-9fe8-d59a7d1ce739", "isDeleted:":"true", "version":"1691770313260"}}
{"logTime": "0813/112225", "correlationVector":"HHW+Lb+1Fee9pfb1sahruy.52","action":"GetUpdates", "result":"DeleteReceived", "context":{"id":"9db56bde-a655-4cf0-819e-2d24372eac06", "isDeleted:":"true", "version":"1691770313261"}}
{"logTime": "0813/112225", "correlationVector":"HHW+Lb+1Fee9pfb1sahruy.53","action":"GetUpdates", "result":"DeleteReceived", "context":{"id":"2011aad9-85bd-43da-acca-cd732460f73b", "isDeleted:":"true", "version":"1691770313263"}}
{"logTime": "0813/112225", "correlationVector":"HHW+Lb+1Fee9pfb1sahruy.54","action":"GetUpdates", "result":"DeleteReceived", "context":{"id":"4723c51f-b935-411c-bf9c-5bb263b48cc9", "isDeleted:":"true", "version":"1691770313265"}}
{"logTime": "0813/112225", "correlationVector":"HHW+Lb+1Fee9pfb1sahruy.55","action":"GetUpdates", "result":"DeleteReceived", "context":{"id":"bd85f693-1317-4a69-bb38-20623df8bcf6", "isDeleted:":"true", "version":"1691770313266"}}
{"logTime": "0813/112225", "correlationVector":"HHW+Lb+1Fee9pfb1sahruy.56","action":"GetUpdates", "result":"DeleteReceived", "context":{"id":"ae9775c6-2387-4807-9977-2416f0fb29a6", "isDeleted:":"true", "version":"1691770313267"}}
{"logTime": "0813/112225", "correlationVector":"HHW+Lb+1Fee9pfb1sahruy.57","action":"GetUpdates", "result":"DeleteReceived", "context":{"id":"346918e2-8e31-4f41-91bc-21c1e3ed3c07", "isDeleted:":"true", "version":"1691770313268"}}
{"logTime": "0813/112225", "correlationVector":"HHW+Lb+1Fee9pfb1sahruy.58","action":"GetUpdates", "result":"DeleteReceived", "context":{"id":"b9ade12a-1b7c-4d98-ae2c-0e7fc49b4702", "isDeleted:":"true", "version":"1691770344844"}}
{"logTime": "0813/112225", "correlationVector":"HHW+Lb+1Fee9pfb1sahruy.59","action":"GetUpdates", "result":"DeleteReceived", "context":{"id":"e3191059-f694-4b1f-bf66-c69f6fe34d09", "isDeleted:":"true", "version":"1691776306685"}}
{"logTime": "0813/112225", "correlationVector":"HHW+Lb+1Fee9pfb1sahruy.60","action":"GetUpdates", "result":"DeleteReceived", "context":{"id":"738fa55d-a2bc-4623-bdff-af7d30c546ac", "isDeleted:":"true", "version":"1691776371964"}}
{"logTime": "0813/112225", "correlationVector":"HHW+Lb+1Fee9pfb1sahruy.61","action":"GetUpdates", "result":"DeleteReceived", "context":{"id":"2cf629b0-f113-4dd4-b41e-8b88b5f39885", "isDeleted:":"true", "version":"1691793249514"}}
{"logTime": "0813/112225", "correlationVector":"HHW+Lb+1Fee9pfb1sahruy.62","action":"GetUpdates", "result":"DeleteReceived", "context":{"id":"ebd08574-d75c-4d4a-bade-f22b3eecd955", "isDeleted:":"true", "version":"1691798059228"}}
{"logTime": "0813/112225", "correlationVector":"HHW+Lb+1Fee9pfb1sahruy.63","action":"GetUpdates", "result":"DeleteReceived", "context":{"id":"f001ffb9-2119-49c3-b7b4-b03fa578ced5", "isDeleted:":"true", "version":"1691798059230"}}
{"logTime": "0813/112225", "correlationVector":"HHW+Lb+1Fee9pfb1sahruy.64","action":"GetUpdates", "result":"DeleteReceived", "context":{"id":"330475fb-9af8-4e75-a53f-5021529f19f3", "isDeleted:":"true", "version":"1691801050338"}}
{"logTime": "0813/112225", "correlationVector":"HHW+Lb+1Fee9pfb1sahruy.65","action":"GetUpdates", "result":"DeleteReceived", "context":{"id":"9b12afd4-9ab5-4961-acad-65b13b077bac", "isDeleted:":"true", "version":"1691801050340"}}
{"logTime": "0813/112225", "correlationVector":"HHW+Lb+1Fee9pfb1sahruy.66","action":"GetUpdates", "result":"DeleteReceived", "context":{"id":"655ccaee-2e1a-4d1c-ae85-994273617a31", "isDeleted:":"true", "version":"1691801133620"}}
{"logTime": "0813/112225", "correlationVector":"HHW+Lb+1Fee9pfb1sahruy.67","action":"GetUpdates", "result":"DeleteReceived", "context":{"id":"6d22f2af-4396-40c7-81c9-06457e248c39", "isDeleted:":"true", "version":"1691821422491"}}
{"logTime": "0813/112225", "correlationVector":"HHW+Lb+1Fee9pfb1sahruy.68","action":"GetUpdates", "result":"DeleteReceived", "context":{"id":"d2303d4f-dfc5-4aaa-8f6e-6bae8e3919af", "isDeleted:":"true", "version":"1691821422493"}}
{"logTime": "0813/112225", "correlationVector":"HHW+Lb+1Fee9pfb1sahruy.69","action":"GetUpdates", "result":"DeleteReceived", "context":{"id":"61e51794-bb8c-4a39-b6ac-05b510e28d0d", "isDeleted:":"true", "version":"1691821911813"}}
{"logTime": "0813/112225", "correlationVector":"HHW+Lb+1Fee9pfb1sahruy.70","action":"GetUpdates", "result":"DeleteReceived", "context":{"id":"2b9a8a03-fb89-4b7c-9bea-d2d91ba88163", "isDeleted:":"true", "version":"1691821911815"}}
{"logTime": "0813/112225", "correlationVector":"HHW+Lb+1Fee9pfb1sahruy.71","action":"GetUpdates", "result":"DeleteReceived", "context":{"id":"9a6b7f01-0f9d-457a-83f7-9733775b0c35", "isDeleted:":"true", "version":"1691825921619"}}
{"logTime": "0813/112225", "correlationVector":"HHW+Lb+1Fee9pfb1sahruy.72","action":"GetUpdates", "result":"DeleteReceived", "context":{"id":"533e6fec-127b-4082-a66b-7622d448558f", "isDeleted:":"true", "version":"1691826057249"}}
{"logTime": "0813/112225", "correlationVector":"HHW+Lb+1Fee9pfb1sahruy.73","action":"GetUpdates", "result":"DeleteReceived", "context":{"id":"f61a4fd4-67af-44dd-8acb-5f44f9542d78", "isDeleted:":"true", "version":"1691826057251"}}
{"logTime": "0813/112225", "correlationVector":"HHW+Lb+1Fee9pfb1sahruy.74","action":"GetUpdates", "result":"DeleteReceived", "context":{"id":"601910b6-69fa-4ace-b115-d0ac5c819940", "isDeleted:":"true", "version":"1691826057252"}}
{"logTime": "0813/112225", "correlationVector":"HHW+Lb+1Fee9pfb1sahruy.75","action":"GetUpdates", "result":"DeleteReceived", "context":{"id":"adf101dd-2060-429d-a5cd-ececd6b6aff2", "isDeleted:":"true", "version":"1691826057253"}}
{"logTime": "0813/112225", "correlationVector":"HHW+Lb+1Fee9pfb1sahruy.76","action":"GetUpdates", "result":"DeleteReceived", "context":{"id":"ad1245be-c728-48ae-b64d-c8b8f3feece3", "isDeleted:":"true", "version":"1691826057254"}}
{"logTime": "0813/112225", "correlationVector":"HHW+Lb+1Fee9pfb1sahruy.77","action":"GetUpdates", "result":"DeleteReceived", "context":{"id":"2805da1f-2b56-400b-a980-b70ef5bbde6c", "isDeleted:":"true", "version":"1691826135028"}}
{"logTime": "0813/112225", "correlationVector":"HHW+Lb+1Fee9pfb1sahruy.78","action":"GetUpdates", "result":"DeleteReceived", "context":{"id":"c811152f-5407-41ba-864c-e9da15635d49", "isDeleted:":"true", "version":"1691827373789"}}
{"logTime": "0813/112225", "correlationVector":"HHW+Lb+1Fee9pfb1sahruy.79","action":"GetUpdates", "result":"DeleteReceived", "context":{"id":"edd8da9d-2f1a-4724-8446-b5497a810c7f", "isDeleted:":"true", "version":"1691830065950"}}
{"logTime": "0813/112225", "correlationVector":"HHW+Lb+1Fee9pfb1sahruy.80","action":"GetUpdates", "result":"DeleteReceived", "context":{"id":"85e40d73-3829-4de7-885d-d27c3f95a69c", "isDeleted:":"true", "version":"1691835132102"}}
{"logTime": "0813/112225", "correlationVector":"HHW+Lb+1Fee9pfb1sahruy.81","action":"GetUpdates", "result":"DeleteReceived", "context":{"id":"1d795702-33d8-48b7-97ba-9192aae56172", "isDeleted:":"true", "version":"1691850246910"}}
{"logTime": "0813/112225", "correlationVector":"HHW+Lb+1Fee9pfb1sahruy.82","action":"GetUpdates", "result":"DeleteReceived", "context":{"id":"68b39c6e-f533-4122-b163-c5c5ea6ef996", "isDeleted:":"true", "version":"1691850246911"}}
{"logTime": "0813/112225", "correlationVector":"HHW+Lb+1Fee9pfb1sahruy.83","action":"GetUpdates", "result":"DeleteReceived", "context":{"id":"aed48122-9c43-48c8-bb53-7c0dde447fc8", "isDeleted:":"true", "version":"1691850246912"}}
{"logTime": "0813/112225", "correlationVector":"HHW+Lb+1Fee9pfb1sahruy.84","action":"GetUpdates", "result":"DeleteReceived", "context":{"id":"132c401e-7687-40cc-addd-7372103e0acf", "isDeleted:":"true", "version":"1691850551247"}}
{"logTime": "0813/112225", "correlationVector":"HHW+Lb+1Fee9pfb1sahruy.85","action":"GetUpdates", "result":"DeleteReceived", "context":{"id":"1451caee-d178-4c24-84cd-13331f4769bc", "isDeleted:":"true", "version":"1691850619890"}}
{"logTime": "0813/112225", "correlationVector":"HHW+Lb+1Fee9pfb1sahruy.86","action":"GetUpdates", "result":"DeleteReceived", "context":{"id":"904e44b5-6de7-4399-b9de-313d6a999da8", "isDeleted:":"true", "version":"1691850619891"}}
{"logTime": "0813/112225", "correlationVector":"HHW+Lb+1Fee9pfb1sahruy.87","action":"GetUpdates", "result":"DeleteReceived", "context":{"id":"e9da9522-b116-48fa-893f-a483547d6020", "isDeleted:":"true", "version":"1691850998448"}}
{"logTime": "0813/112225", "correlationVector":"HHW+Lb+1Fee9pfb1sahruy.88","action":"GetUpdates", "result":"DeleteReceived", "context":{"id":"93a36303-d21c-477e-b630-f8e75b0c859b", "isDeleted:":"true", "version":"1691850998449"}}
{"logTime": "0813/112225", "correlationVector":"HHW+Lb+1Fee9pfb1sahruy.89","action":"GetUpdates", "result":"DeleteReceived", "context":{"id":"7a113402-7234-43e1-85de-b393bc4dbca4", "isDeleted:":"true", "version":"1691851118685"}}
{"logTime": "0813/112225", "correlationVector":"HHW+Lb+1Fee9pfb1sahruy.90","action":"GetUpdates", "result":"DeleteReceived", "context":{"id":"ee7e7f32-5e81-49d7-8f42-44f1865eb59f", "isDeleted:":"true", "version":"1691851198236"}}
{"logTime": "0813/112225", "correlationVector":"HHW+Lb+1Fee9pfb1sahruy.91","action":"GetUpdates", "result":"DeleteReceived", "context":{"id":"429def52-1916-43e7-8250-ceb002d8d581", "isDeleted:":"true", "version":"1691851331760"}}
{"logTime": "0813/112225", "correlationVector":"HHW+Lb+1Fee9pfb1sahruy.92","action":"GetUpdates", "result":"DeleteReceived", "context":{"id":"15cd5f77-f003-41d6-96fd-2d0b55529b89", "isDeleted:":"true", "version":"1691851331763"}}
{"logTime": "0813/112225", "correlationVector":"HHW+Lb+1Fee9pfb1sahruy.93","action":"GetUpdates", "result":"DeleteReceived", "context":{"id":"41429be4-585e-4ea2-bdcd-c3551e14db6b", "isDeleted:":"true", "version":"1691851331764"}}
{"logTime": "0813/112225", "correlationVector":"HHW+Lb+1Fee9pfb1sahruy.94","action":"GetUpdates", "result":"DeleteReceived", "context":{"id":"ecf3c07b-c4f0-4ebf-86c7-23bf4440fe7d", "isDeleted:":"true", "version":"1691851424415"}}
{"logTime": "0813/112225", "correlationVector":"HHW+Lb+1Fee9pfb1sahruy.95","action":"GetUpdates", "result":"DeleteReceived", "context":{"id":"2fcb1fe8-5745-4640-81c5-2e1927d926b5", "isDeleted:":"true", "version":"1691911052459"}}
{"logTime": "0813/112225", "correlationVector":"HHW+Lb+1Fee9pfb1sahruy.96","action":"GetUpdates", "result":"DeleteReceived", "context":{"id":"ace66da1-2096-4a6e-a1da-f50614d575c5", "isDeleted:":"true", "version":"1691911052461"}}
{"logTime": "0813/112225", "correlationVector":"HHW+Lb+1Fee9pfb1sahruy.97","action":"GetUpdates", "result":"DeleteReceived", "context":{"id":"2725016c-fa82-45b5-b9f6-d2b8edb8b79a", "isDeleted:":"true", "version":"1691911135312"}}
{"logTime": "0813/112225", "correlationVector":"HHW+Lb+1Fee9pfb1sahruy.98","action":"GetUpdates", "result":"DeleteReceived", "context":{"id":"114673ca-aab8-4211-a46e-8ba3ecefbf25", "isDeleted:":"true", "version":"1691914678827"}}
{"logTime": "0813/112225", "correlationVector":"HHW+Lb+1Fee9pfb1sahruy.99","action":"GetUpdates", "result":"DeleteReceived", "context":{"id":"b5c3a6a0-6e7b-4811-826c-5634da84741c", "isDeleted:":"true", "version":"1691914678828"}}
{"logTime": "0813/112225", "correlationVector":"HHW+Lb+1Fee9pfb1sahruy.100","action":"GetUpdates", "result":"DeleteReceived", "context":{"id":"ebeaaaab-70af-463a-9e38-2276ed9791ef", "isDeleted:":"true", "version":"1691914820119"}}
{"logTime": "0813/112225", "correlationVector":"HHW+Lb+1Fee9pfb1sahruy.101","action":"GetUpdates", "result":"DeleteReceived", "context":{"id":"d86f7511-3a00-4d06-87ee-c5ccdcf23076", "isDeleted:":"true", "version":"1691914820120"}}
{"logTime": "0813/112225", "correlationVector":"HHW+Lb+1Fee9pfb1sahruy.102","action":"GetUpdates", "result":"DeleteReceived", "context":{"id":"073b1ee7-37be-42e4-818d-34a851926254", "isDeleted:":"true", "version":"1691914856968"}}
{"logTime": "0813/112225", "correlationVector":"HHW+Lb+1Fee9pfb1sahruy.103","action":"GetUpdates", "result":"DeleteReceived", "context":{"id":"3b3f6302-9d19-4440-b4e7-a48dbe02eda5", "isDeleted:":"true", "version":"1691917853228"}}
{"logTime": "0813/112225", "correlationVector":"HHW+Lb+1Fee9pfb1sahruy.104","action":"GetUpdates", "result":"DeleteReceived", "context":{"id":"3476b753-15cf-4e29-8114-08cd05eb377d", "isDeleted:":"true", "version":"1691917853231"}}
{"logTime": "0813/112225", "correlationVector":"HHW+Lb+1Fee9pfb1sahruy.105","action":"GetUpdates", "result":"DeleteReceived", "context":{"id":"f037db4f-0ed4-400a-a875-a42c292f8a12", "isDeleted:":"true", "version":"1691918009650"}}
{"logTime": "0813/112225", "correlationVector":"HHW+Lb+1Fee9pfb1sahruy.106","action":"GetUpdates", "result":"DeleteReceived", "context":{"id":"02d5dc22-109c-46dc-867c-5264bdd25210", "isDeleted:":"true", "version":"1691919260971"}}
{"logTime": "0813/112225", "correlationVector":"HHW+Lb+1Fee9pfb1sahruy.107","action":"GetUpdates Response", "result":"SYNCER_OK", "context":Received 165 update(s). cV=HHW+Lb+1Fee9pfb1sahruy.0;server=GENERAL0100000K;cloudType=Consumer;environment=Prod_SoutheastAsia_000j;migrationStage=NotStarted}
{"logTime": "0813/112225", "correlationVector":"59lU5Zig5pYpj0JdZuBZI3","action":"Commit Request", "result":"", "context":Item count: 3
Contributing types: Autofill, User Consents}
{"logTime": "0813/112225", "correlationVector":"59lU5Zig5pYpj0JdZuBZI3.1","action":"SyncServerConnectionManagerRequest", "result":"SYNC_SERVER_OK", "context":{"environment":"Prod_SoutheastAsia_000j", "migrationStage":"NotStarted", "server":"GENERAL0100000N"}}
{"logTime": "0813/112225", "correlationVector":"59lU5Zig5pYpj0JdZuBZI3.2","action":"Commit Response", "result":"SYNCER_OK", "context":Result: SYNCER_OK. cV=59lU5Zig5pYpj0JdZuBZI3.0;server=GENERAL0100000N;cloudType=Consumer;environment=Prod_SoutheastAsia_000j;migrationStage=NotStarted}
{"logTime": "0813/112225", "correlationVector":"j0v6w+otcGwQ3iZi00K+ex","action":"Poll GetUpdate request", "result":"", "context":cV=j0v6w+otcGwQ3iZi00K+ex}
{"logTime": "0813/112225", "correlationVector":"j0v6w+otcGwQ3iZi00K+ex.1","action":"SyncServerConnectionManagerRequest", "result":"SYNC_SERVER_OK", "context":{"environment":"Prod_SoutheastAsia_000j", "migrationStage":"NotStarted", "server":"GENERAL0100000R"}}
{"logTime": "0813/112225", "correlationVector":"j0v6w+otcGwQ3iZi00K+ex.2","action":"GetUpdates Response", "result":"SYNCER_OK", "context":Received 2 update(s). cV=j0v6w+otcGwQ3iZi00K+ex.0;server=GENERAL0100000R;cloudType=Consumer;environment=Prod_SoutheastAsia_000j;migrationStage=NotStarted}
{"logTime": "0813/112225", "correlationVector":"Dm3eclISLNdv5SJ+2gszrh","action":"Normal GetUpdate request", "result":"", "context":cV=Dm3eclISLNdv5SJ+2gszrh
Nudged types: Autofill
Refresh requested types: Bookmarks, Preferences, Passwords, Autofill Profiles, Autofill, Autofill Custom Data, Typed URLs, Extensions, Sessions, Extension settings, History Delete Directives, Device Info, User Consents, Send Tab To Self, Web Apps, Collection, Edge E Drop, Edge Hub App Usage, Encryption Keys}
{"logTime": "0813/112225", "correlationVector":"Dm3eclISLNdv5SJ+2gszrh.1","action":"SyncServerConnectionManagerRequest", "result":"SYNC_SERVER_OK", "context":{"environment":"Prod_SoutheastAsia_000j", "migrationStage":"NotStarted", "server":"GENERAL0100000U"}}
{"logTime": "0813/112225", "correlationVector":"Dm3eclISLNdv5SJ+2gszrh.2","action":"GetUpdates Response", "result":"SYNCER_OK", "context":Received 0 update(s). cV=Dm3eclISLNdv5SJ+2gszrh.0;server=GENERAL0100000U;cloudType=Consumer;environment=Prod_SoutheastAsia_000j;migrationStage=NotStarted}
{"logTime": "0813/112228", "correlationVector":"SS4mjQoBO6j6vtXtcysA0F","action":"Normal GetUpdate request", "result":"", "context":cV=SS4mjQoBO6j6vtXtcysA0F
Nudged types: Sessions
Notified types: Autofill}
{"logTime": "0813/112228", "correlationVector":"SS4mjQoBO6j6vtXtcysA0F.1","action":"SyncServerConnectionManagerRequest", "result":"SYNC_SERVER_OK", "context":{"environment":"Prod_SoutheastAsia_000j", "migrationStage":"NotStarted", "server":"GENERAL0100000E"}}
{"logTime": "0813/112228", "correlationVector":"SS4mjQoBO6j6vtXtcysA0F.2","action":"GetUpdates Response", "result":"SYNCER_OK", "context":Received 0 update(s). cV=SS4mjQoBO6j6vtXtcysA0F.0;server=GENERAL0100000E;cloudType=Consumer;environment=Prod_SoutheastAsia_000j;migrationStage=NotStarted}
{"logTime": "0813/112228", "correlationVector":"I6pNMLURSgjOMb67QCi845","action":"Commit Request", "result":"", "context":Item count: 2
Contributing types: Sessions}
{"logTime": "0813/112229", "correlationVector":"I6pNMLURSgjOMb67QCi845.1","action":"SyncServerConnectionManagerRequest", "result":"SYNC_SERVER_OK", "context":{"environment":"Prod_SoutheastAsia_000j", "migrationStage":"NotStarted", "server":"GENERAL01000004"}}
{"logTime": "0813/112229", "correlationVector":"I6pNMLURSgjOMb67QCi845.2","action":"Commit Response", "result":"SYNCER_OK", "context":Result: SYNCER_OK. cV=I6pNMLURSgjOMb67QCi845.0;server=GENERAL01000004;cloudType=Consumer;environment=Prod_SoutheastAsia_000j;migrationStage=NotStarted}
{"logTime": "0813/112259", "correlationVector":"1/s2LTYTo6GccFZ9i7AO6O","action":"Commit Request", "result":"", "context":Item count: 1
Contributing types: Sessions}
{"logTime": "0813/112300", "correlationVector":"1/s2LTYTo6GccFZ9i7AO6O.1","action":"SyncServerConnectionManagerRequest", "result":"SYNC_SERVER_OK", "context":{"environment":"Prod_SoutheastAsia_000j", "migrationStage":"NotStarted", "server":"GENERAL0100000R"}}
{"logTime": "0813/112300", "correlationVector":"1/s2LTYTo6GccFZ9i7AO6O.2","action":"Commit Response", "result":"SYNCER_OK", "context":Result: SYNCER_OK. cV=1/s2LTYTo6GccFZ9i7AO6O.0;server=GENERAL0100000R;cloudType=Consumer;environment=Prod_SoutheastAsia_000j;migrationStage=NotStarted}
{"logTime": "0813/112301", "correlationVector":"V1rlnvsJYBQgO2Y9XD49Nc","action":"Commit Request", "result":"", "context":Item count: 1
Contributing types: Autofill Profiles}
{"logTime": "0813/112302", "correlationVector":"V1rlnvsJYBQgO2Y9XD49Nc.1","action":"SyncServerConnectionManagerRequest", "result":"SYNC_SERVER_OK", "context":{"environment":"Prod_SoutheastAsia_000j", "migrationStage":"NotStarted", "server":"GENERAL01000019"}}
{"logTime": "0813/112302", "correlationVector":"V1rlnvsJYBQgO2Y9XD49Nc.2","action":"Commit Response", "result":"SYNCER_OK", "context":Result: SYNCER_OK. cV=V1rlnvsJYBQgO2Y9XD49Nc.0;server=GENERAL01000019;cloudType=Consumer;environment=Prod_SoutheastAsia_000j;migrationStage=NotStarted}
{"logTime": "0813/112339", "correlationVector":"P7fZBF8KVFk/SVDDuDIk+m","action":"Commit Request", "result":"", "context":Item count: 1
Contributing types: Sessions}
{"logTime": "0813/112340", "correlationVector":"P7fZBF8KVFk/SVDDuDIk+m.1","action":"SyncServerConnectionManagerRequest", "result":"SYNC_SERVER_OK", "context":{"environment":"Prod_SoutheastAsia_000j", "migrationStage":"NotStarted", "server":"GENERAL01000018"}}
{"logTime": "0813/112340", "correlationVector":"P7fZBF8KVFk/SVDDuDIk+m.2","action":"Commit Response", "result":"SYNCER_OK", "context":Result: SYNCER_OK. cV=P7fZBF8KVFk/SVDDuDIk+m.0;server=GENERAL01000018;cloudType=Consumer;environment=Prod_SoutheastAsia_000j;migrationStage=NotStarted}
{"logTime": "0813/112424", "correlationVector":"yZqs1UAoSKGmwIfSKSmcp3","action":"Commit Request", "result":"", "context":Item count: 1
Contributing types: Sessions}
{"logTime": "0813/112425", "correlationVector":"yZqs1UAoSKGmwIfSKSmcp3.1","action":"SyncServerConnectionManagerRequest", "result":"SYNC_SERVER_OK", "context":{"environment":"Prod_SoutheastAsia_000j", "migrationStage":"NotStarted", "server":"GENERAL0100000A"}}
{"logTime": "0813/112425", "correlationVector":"yZqs1UAoSKGmwIfSKSmcp3.2","action":"Commit Response", "result":"SYNCER_OK", "context":Result: SYNCER_OK. cV=yZqs1UAoSKGmwIfSKSmcp3.0;server=GENERAL0100000A;cloudType=Consumer;environment=Prod_SoutheastAsia_000j;migrationStage=NotStarted}
